<?xml version="1.0" encoding="UTF-8"?>
<!-- Generated by org.testng.reporters.JUnitReportReporter -->
<testsuite ignored="0" hostname="MSI" failures="0" tests="1" name="testCases_SignIn.TC_03_SignIn" time="3.448" errors="0" timestamp="29 sep. 2022 00:40:34 GMT" skipped="0">
  <testcase classname="testCases_SignIn.TC_03_SignIn" name="TC_03" time="3.448"/>
</testsuite> <!-- testCases_SignIn.TC_03_SignIn -->
