<?xml version="1.0" encoding="UTF-8"?>
<!-- Generated by org.testng.reporters.JUnitReportReporter -->
<testsuite ignored="0" hostname="MacBook-Air-de-DELLPHOTO.local" failures="0" tests="1" name="prueba.NewTestSel" time="5.710" errors="0" timestamp="27 ago. 2022 15:22:28 GMT" skipped="0">
  <testcase classname="prueba.NewTestSel" name="testsel" time="5.710"/>
</testsuite> <!-- prueba.NewTestSel -->
