<?xml version="1.0" encoding="UTF-8"?>
<!-- Generated by org.testng.reporters.JUnitReportReporter -->
<testsuite ignored="0" hostname="MSI" failures="0" tests="1" name="testCases_Login.TC_03_Login" time="19.273" errors="0" timestamp="28 sep. 2022 16:57:22 GMT" skipped="0">
  <testcase classname="testCases_Login.TC_03_Login" name="TC_03" time="19.273"/>
</testsuite> <!-- testCases_Login.TC_03_Login -->
