<?xml version="1.0" encoding="UTF-8"?>
<!-- Generated by org.testng.reporters.JUnitReportReporter -->
<testsuite ignored="0" hostname="MSI" failures="0" tests="1" name="testCases_Search.TC_01_SearchDress" time="6.271" errors="0" timestamp="24 sep. 2022 16:37:56 GMT" skipped="0">
  <testcase classname="testCases_Search.TC_01_SearchDress" name="TC_01" time="6.271"/>
</testsuite> <!-- testCases_Search.TC_01_SearchDress -->
